<?xml version="1.0" encoding="UTF-8"?>
<testng-results skipped="0" failed="0" total="1" passed="1">
  <reporter-output>
  </reporter-output>
  <suite name="Default suite" duration-ms="84391" started-at="2019-11-01T11:25:39Z" finished-at="2019-11-01T11:27:03Z">
    <groups>
    </groups>
    <test name="Default test" duration-ms="84391" started-at="2019-11-01T11:25:39Z" finished-at="2019-11-01T11:27:03Z">
      <class name="seleniumpractise2.Snapdeal">
        <test-method status="PASS" signature="snapdeal()[pri:0, instance:seleniumpractise2.Snapdeal@3532ec19]" name="snapdeal" duration-ms="84351" started-at="2019-11-01T16:55:39Z" finished-at="2019-11-01T16:57:03Z">
          <reporter-output>
          </reporter-output>
        </test-method> <!-- snapdeal -->
      </class> <!-- seleniumpractise2.Snapdeal -->
    </test> <!-- Default test -->
  </suite> <!-- Default suite -->
</testng-results>
